<?xml version="1.0" encoding="UTF-8"?>
<testsuite xmlns:xsi="http://www.w3.org/2001/XMLSchema-instance" xsi:noNamespaceSchemaLocation="https://maven.apache.org/surefire/maven-surefire-plugin/xsd/surefire-test-report.xsd" name="com.mycompany.app.AppTest" time="0.017" tests="1" errors="0" skipped="0" failures="0">
  <properties>
    <property name="sun.desktop" value="gnome"/>
    <property name="awt.toolkit" value="sun.awt.X11.XToolkit"/>
    <property name="file.encoding.pkg" value="sun.io"/>
    <property name="java.specification.version" value="1.8"/>
    <property name="sun.cpu.isalist" value=""/>
    <property name="sun.jnu.encoding" value="UTF-8"/>
    <property name="java.class.path" value="/home/ryan/School/p1/P1_Group12_Capstone/my-app/target/test-classes:/home/ryan/School/p1/P1_Group12_Capstone/my-app/target/classes:/home/ryan/.m2/repository/junit/junit/4.11/junit-4.11.jar:/home/ryan/.m2/repository/org/hamcrest/hamcrest-core/1.3/hamcrest-core-1.3.jar:"/>
    <property name="java.vm.vendor" value="Azul Systems, Inc."/>
    <property name="sun.arch.data.model" value="64"/>
    <property name="java.vendor.url" value="http://www.azulsystems.com/"/>
    <property name="user.timezone" value=""/>
    <property name="java.vm.specification.version" value="1.8"/>
    <property name="os.name" value="Linux"/>
    <property name="user.country" value="US"/>
    <property name="sun.java.launcher" value="SUN_STANDARD"/>
    <property name="sun.boot.library.path" value="/usr/lib/jvm/zulu8.52.0.23-ca-fx-jdk8.0.282-linux_x64/jre/lib/amd64"/>
    <property name="sun.java.command" value="/home/ryan/School/p1/P1_Group12_Capstone/my-app/target/surefire/surefirebooter8719616739710203315.jar /home/ryan/School/p1/P1_Group12_Capstone/my-app/target/surefire 2022-02-01T19-34-03_875-jvmRun1 surefire6195470716445845886tmp surefire_01181232005845019218tmp"/>
    <property name="surefire.test.class.path" value="/home/ryan/School/p1/P1_Group12_Capstone/my-app/target/test-classes:/home/ryan/School/p1/P1_Group12_Capstone/my-app/target/classes:/home/ryan/.m2/repository/junit/junit/4.11/junit-4.11.jar:/home/ryan/.m2/repository/org/hamcrest/hamcrest-core/1.3/hamcrest-core-1.3.jar:"/>
    <property name="sun.cpu.endian" value="little"/>
    <property name="user.home" value="/home/ryan"/>
    <property name="user.language" value="en"/>
    <property name="java.specification.vendor" value="Oracle Corporation"/>
    <property name="java.home" value="/usr/lib/jvm/zulu8.52.0.23-ca-fx-jdk8.0.282-linux_x64/jre"/>
    <property name="basedir" value="/home/ryan/School/p1/P1_Group12_Capstone/my-app"/>
    <property name="file.separator" value="/"/>
    <property name="line.separator" value="&#10;"/>
    <property name="jdk.vendor.version" value="Zulu 8.52.0.23-CA-linux64"/>
    <property name="java.vm.specification.vendor" value="Oracle Corporation"/>
    <property name="java.specification.name" value="Java Platform API Specification"/>
    <property name="java.awt.graphicsenv" value="sun.awt.X11GraphicsEnvironment"/>
    <property name="surefire.real.class.path" value="/home/ryan/School/p1/P1_Group12_Capstone/my-app/target/surefire/surefirebooter8719616739710203315.jar"/>
    <property name="sun.boot.class.path" value="/usr/lib/jvm/zulu8.52.0.23-ca-fx-jdk8.0.282-linux_x64/jre/lib/resources.jar:/usr/lib/jvm/zulu8.52.0.23-ca-fx-jdk8.0.282-linux_x64/jre/lib/rt.jar:/usr/lib/jvm/zulu8.52.0.23-ca-fx-jdk8.0.282-linux_x64/jre/lib/sunrsasign.jar:/usr/lib/jvm/zulu8.52.0.23-ca-fx-jdk8.0.282-linux_x64/jre/lib/jsse.jar:/usr/lib/jvm/zulu8.52.0.23-ca-fx-jdk8.0.282-linux_x64/jre/lib/jce.jar:/usr/lib/jvm/zulu8.52.0.23-ca-fx-jdk8.0.282-linux_x64/jre/lib/charsets.jar:/usr/lib/jvm/zulu8.52.0.23-ca-fx-jdk8.0.282-linux_x64/jre/lib/jfr.jar:/usr/lib/jvm/zulu8.52.0.23-ca-fx-jdk8.0.282-linux_x64/jre/classes"/>
    <property name="sun.management.compiler" value="HotSpot 64-Bit Tiered Compilers"/>
    <property name="java.runtime.version" value="1.8.0_282-b08"/>
    <property name="user.name" value="ryan"/>
    <property name="path.separator" value=":"/>
    <property name="os.version" value="5.11.0-43-generic"/>
    <property name="java.endorsed.dirs" value="/usr/lib/jvm/zulu8.52.0.23-ca-fx-jdk8.0.282-linux_x64/jre/lib/endorsed"/>
    <property name="java.runtime.name" value="OpenJDK Runtime Environment"/>
    <property name="file.encoding" value="UTF-8"/>
    <property name="java.vm.name" value="OpenJDK 64-Bit Server VM"/>
    <property name="localRepository" value="/home/ryan/.m2/repository"/>
    <property name="java.vendor.url.bug" value="http://www.azulsystems.com/support/"/>
    <property name="java.io.tmpdir" value="/tmp"/>
    <property name="java.version" value="1.8.0_282"/>
    <property name="user.dir" value="/home/ryan/School/p1/P1_Group12_Capstone/my-app"/>
    <property name="os.arch" value="amd64"/>
    <property name="java.vm.specification.name" value="Java Virtual Machine Specification"/>
    <property name="java.awt.printerjob" value="sun.print.PSPrinterJob"/>
    <property name="sun.os.patch.level" value="unknown"/>
    <property name="java.library.path" value="/usr/java/packages/lib/amd64:/usr/lib64:/lib64:/lib:/usr/lib"/>
    <property name="java.vm.info" value="mixed mode"/>
    <property name="java.vendor" value="Azul Systems, Inc."/>
    <property name="java.vm.version" value="25.282-b08"/>
    <property name="java.ext.dirs" value="/usr/lib/jvm/zulu8.52.0.23-ca-fx-jdk8.0.282-linux_x64/jre/lib/ext:/usr/java/packages/lib/ext"/>
    <property name="sun.io.unicode.encoding" value="UnicodeLittle"/>
    <property name="java.class.version" value="52.0"/>
  </properties>
  <testcase name="shouldAnswerWithTrue" classname="com.mycompany.app.AppTest" time="0.002"/>
</testsuite>